<?xml version="1.0" encoding="UTF-8"?>
<!-- Generated by org.testng.reporters.JUnitReportReporter -->
<testsuite skipped="0" hostname="DESKTOP-LPO1PH0" name="TestNGSimpleTest" tests="1" failures="0" timestamp="22 gru 2018 18:48:30 GMT" time="0.009" errors="0">
  <testcase name="testAdd" time="0.009" classname="TestNGSimpleTest"/>
</testsuite> <!-- TestNGSimpleTest -->
