<?xml version="1.0" encoding="UTF-8"?>
<!-- Generated by org.testng.reporters.JUnitReportReporter -->
<testsuite skipped="0" hostname="DESKTOP-LPO1PH0" name="TestNGSimpleTest" tests="1" failures="0" timestamp="23 gru 2018 18:53:54 GMT" time="0.007" errors="0">
  <testcase name="testAdd1" time="0.007" classname="TestNGSimpleTest"/>
</testsuite> <!-- TestNGSimpleTest -->
